c:\users\natha\onedrive\documents\github\chessengine\build\chess_engine.dir\debug\vc143.pdb
c:\users\natha\onedrive\documents\github\chessengine\build\chess_engine.dir\debug\uci.obj
c:\users\natha\onedrive\documents\github\chessengine\build\chess_engine.dir\debug\test_perft.obj
c:\users\natha\onedrive\documents\github\chessengine\build\chess_engine.dir\debug\search.obj
c:\users\natha\onedrive\documents\github\chessengine\build\chess_engine.dir\debug\eval.obj
c:\users\natha\onedrive\documents\github\chessengine\build\chess_engine.dir\debug\board.obj
c:\users\natha\onedrive\documents\github\chessengine\build\chess_engine.dir\debug\movegen.obj
c:\users\natha\onedrive\documents\github\chessengine\build\chess_engine.dir\debug\move.obj
c:\users\natha\onedrive\documents\github\chessengine\build\chess_engine.dir\debug\defines.obj
c:\users\natha\onedrive\documents\github\chessengine\build\chess_engine.dir\debug\main.obj
c:\users\natha\onedrive\documents\github\chessengine\build\chess_engine.dir\debug\init.obj
c:\users\natha\onedrive\documents\github\chessengine\build\chess_engine.dir\debug\test_movegen.obj
c:\users\natha\onedrive\documents\github\chessengine\build\chess_engine.dir\debug\boardstate.obj
c:\users\natha\onedrive\documents\github\chessengine\build\cmakefiles\generate.stamp
c:\users\natha\onedrive\documents\github\chessengine\build\debug\chess_engine.exe
c:\users\natha\onedrive\documents\github\chessengine\build\debug\chess_engine.pdb
c:\users\natha\onedrive\documents\github\chessengine\build\chess_engine.dir\debug\chess_engine.ilk
c:\users\natha\onedrive\documents\github\chessengine\build\chess_engine.dir\debug\test.obj
c:\users\natha\onedrive\documents\github\chessengine\build\chess_engine.dir\debug\chess_engine.tlog\cl.command.1.tlog
c:\users\natha\onedrive\documents\github\chessengine\build\chess_engine.dir\debug\chess_engine.tlog\cl.items.tlog
c:\users\natha\onedrive\documents\github\chessengine\build\chess_engine.dir\debug\chess_engine.tlog\cl.read.1.tlog
c:\users\natha\onedrive\documents\github\chessengine\build\chess_engine.dir\debug\chess_engine.tlog\cl.write.1.tlog
c:\users\natha\onedrive\documents\github\chessengine\build\chess_engine.dir\debug\chess_engine.tlog\custombuild.command.1.tlog
c:\users\natha\onedrive\documents\github\chessengine\build\chess_engine.dir\debug\chess_engine.tlog\custombuild.read.1.tlog
c:\users\natha\onedrive\documents\github\chessengine\build\chess_engine.dir\debug\chess_engine.tlog\custombuild.write.1.tlog
c:\users\natha\onedrive\documents\github\chessengine\build\chess_engine.dir\debug\chess_engine.tlog\link.command.1.tlog
c:\users\natha\onedrive\documents\github\chessengine\build\chess_engine.dir\debug\chess_engine.tlog\link.read.1.tlog
c:\users\natha\onedrive\documents\github\chessengine\build\chess_engine.dir\debug\chess_engine.tlog\link.secondary.1.tlog
c:\users\natha\onedrive\documents\github\chessengine\build\chess_engine.dir\debug\chess_engine.tlog\link.write.1.tlog
